Arguments: 
  C:\Program Files\nodejs\node.exe C:\Program Files (x86)\Yarn\bin\yarn.js init

PATH: 
  C:\Program Files\Microsoft MPI\Bin\;%JAVA_HOME%\bin;%JRE_HOME%\bin;%MAVEN_HOME%\bin;%JBOSS_HOME%\bin;C:\WINDOWS\system32;C:\WINDOWS;C:\WINDOWS\System32\Wbem;C:\WINDOWS\System32\WindowsPowerShell\v1.0\;C:\WINDOWS\System32\OpenSSH\;C:\Program Files (x86)\CheckPoint\Endpoint Security\Endpoint Common\bin;C:\Program Files\Git\cmd;C:\Program Files\PostgreSQL\11\bin;C:\Program Files (x86)\Yarn\bin\;C:\Program Files (x86)\Microsoft SQL Server\150\Tools\Binn\;C:\Program Files\Microsoft SQL Server\150\Tools\Binn\;C:\Program Files (x86)\Microsoft SQL Server\150\DTS\Binn\;C:\Program Files\Microsoft SQL Server\150\DTS\Binn\;C:\Program Files\Microsoft SQL Server\Client SDK\ODBC\170\Tools\Binn\;C:\Program Files (x86)\Microsoft SQL Server\160\DTS\Binn\;C:\Program Files\Azure Data Studio\bin;C:\Program Files\PuTTY\;C:\Program Files\nodejs\;C:\xampp\php\;C:\Program Files\Docker\Docker\resources\bin;C:\Program Files\dotnet\;C:\Users\wsantos-g4f\AppData\Local\Microsoft\WindowsApps;C:\Users\wsantos-g4f\AppData\Local\Programs\Microsoft VS Code\bin;C:\Users\wsantos-g4f\AppData\Local\Yarn\bin;C:\Users\wsantos-g4f\AppData\Roaming\npm;C:\Users\wsantos-g4f\.dotnet\tools;C:\Users\wsantos-g4f\AppData\Local\JetBrains\Toolbox\scripts;;C:\Users\wsantos-g4f\AppData\Local\Programs\Azure Data Studio\bin

Yarn version: 
  1.22.19

Node version: 
  16.19.1

Platform: 
  win32 x64

Trace: 
  Error: canceled
      at Interface.<anonymous> (C:\Program Files (x86)\Yarn\lib\cli.js:137150:13)
      at Interface.emit (node:events:513:28)
      at Interface._ttyWrite (node:readline:1085:16)
      at ReadStream.onkeypress (node:readline:291:10)
      at ReadStream.emit (node:events:513:28)
      at emitKeys (node:internal/readline/utils:357:14)
      at emitKeys.next (<anonymous>)
      at ReadStream.onData (node:internal/readline/emitKeypressEvents:61:36)
      at ReadStream.emit (node:events:513:28)
      at addChunk (node:internal/streams/readable:315:12)

npm manifest: 
  No manifest

yarn manifest: 
  No manifest

Lockfile: 
  No lockfile
